{
"contracts\\banana.sol":{"l":{"15":12,"16":12,"17":12,"21":0,"25":2,"29":2,"33":1,"37":1},"path":"C:\\Users\\Nathaniel\\Documents\\Webisoft\\Tutorial\\Solidity\\contracts\\banana.sol","s":{"1":12,"2":12,"3":12,"4":0,"5":2,"6":2,"7":1,"8":1},"b":{},"f":{"1":12,"2":0,"3":2,"4":2,"5":1,"6":1},"fnMap":{"1":{"name":"constructor","line":10,"loc":{"start":{"line":10,"column":4},"end":{"line":18,"column":4}}},"2":{"name":"getId","line":20,"loc":{"start":{"line":20,"column":4},"end":{"line":22,"column":4}}},"3":{"name":"getPrice","line":24,"loc":{"start":{"line":24,"column":4},"end":{"line":26,"column":4}}},"4":{"name":"getQuantity","line":28,"loc":{"start":{"line":28,"column":4},"end":{"line":30,"column":4}}},"5":{"name":"setPrice","line":32,"loc":{"start":{"line":32,"column":4},"end":{"line":34,"column":4}}},"6":{"name":"setQuantity","line":36,"loc":{"start":{"line":36,"column":4},"end":{"line":38,"column":4}}}},"statementMap":{"1":{"start":{"line":15,"column":8},"end":{"line":15,"column":15}},"2":{"start":{"line":16,"column":8},"end":{"line":16,"column":21}},"3":{"start":{"line":17,"column":8},"end":{"line":17,"column":27}},"4":{"start":{"line":21,"column":8},"end":{"line":21,"column":17}},"5":{"start":{"line":25,"column":8},"end":{"line":25,"column":20}},"6":{"start":{"line":29,"column":8},"end":{"line":29,"column":23}},"7":{"start":{"line":33,"column":8},"end":{"line":33,"column":21}},"8":{"start":{"line":37,"column":8},"end":{"line":37,"column":27}}},"branchMap":{}}}
